<?xml version="1.0" encoding="UTF-8"?>
<testng-results ignored="0" total="1" passed="1" failed="0" skipped="0">
  <reporter-output>
  </reporter-output>
  <suite started-at="2020-07-23T20:39:00 IST" name="Default suite" finished-at="2020-07-23T20:39:00 IST" duration-ms="87">
    <groups>
    </groups>
    <test started-at="2020-07-23T20:39:00 IST" name="Default test" finished-at="2020-07-23T20:39:00 IST" duration-ms="87">
      <class name="runner.TestRunner">
        <test-method signature="setup()[pri:0, instance:runner.TestRunner@79efed2d]" started-at="2020-07-23T20:39:00 IST" name="setup" finished-at="2020-07-23T20:39:00 IST" duration-ms="17" status="PASS">
          <reporter-output>
          </reporter-output>
        </test-method> <!-- setup -->
      </class> <!-- runner.TestRunner -->
    </test> <!-- Default test -->
  </suite> <!-- Default suite -->
</testng-results>
